2024-06-07 18:16:37 [main] INFO  com.example.music.MusicApplication - Starting MusicApplication using Java 17.0.6 with PID 19608 (D:\college\2nd_down\数据库\music\out\production\classes started by HUOYOUXINGLAOPO in D:\college\2nd_down\数据库\music)
2024-06-07 18:16:37 [main] INFO  com.example.music.MusicApplication - Starting MusicApplication using Java 17.0.6 with PID 19608 (D:\college\2nd_down\数据库\music\out\production\classes started by HUOYOUXINGLAOPO in D:\college\2nd_down\数据库\music)
2024-06-07 18:16:37 [main] INFO  com.example.music.MusicApplication - No active profile set, falling back to 1 default profile: "default"
2024-06-07 18:16:37 [main] INFO  com.example.music.MusicApplication - No active profile set, falling back to 1 default profile: "default"
2024-06-07 18:16:39 [main] INFO  o.s.d.r.c.RepositoryConfigurationDelegate - Bootstrapping Spring Data JPA repositories in DEFAULT mode.
2024-06-07 18:16:39 [main] INFO  o.s.d.r.c.RepositoryConfigurationDelegate - Bootstrapping Spring Data JPA repositories in DEFAULT mode.
2024-06-07 18:16:39 [main] INFO  o.s.d.r.c.RepositoryConfigurationDelegate - Finished Spring Data repository scanning in 46 ms. Found 0 JPA repository interfaces.
2024-06-07 18:16:39 [main] INFO  o.s.d.r.c.RepositoryConfigurationDelegate - Finished Spring Data repository scanning in 46 ms. Found 0 JPA repository interfaces.
2024-06-07 18:16:40 [main] INFO  o.s.b.w.e.tomcat.TomcatWebServer - Tomcat initialized with port 8080 (http)
2024-06-07 18:16:40 [main] INFO  o.s.b.w.e.tomcat.TomcatWebServer - Tomcat initialized with port 8080 (http)
2024-06-07 18:16:40 [main] INFO  o.a.coyote.http11.Http11NioProtocol - Initializing ProtocolHandler ["http-nio-8080"]
2024-06-07 18:16:40 [main] INFO  o.a.coyote.http11.Http11NioProtocol - Initializing ProtocolHandler ["http-nio-8080"]
2024-06-07 18:16:40 [main] INFO  o.a.catalina.core.StandardService - Starting service [Tomcat]
2024-06-07 18:16:40 [main] INFO  o.a.catalina.core.StandardService - Starting service [Tomcat]
2024-06-07 18:16:40 [main] INFO  o.a.catalina.core.StandardEngine - Starting Servlet engine: [Apache Tomcat/10.1.24]
2024-06-07 18:16:40 [main] INFO  o.a.catalina.core.StandardEngine - Starting Servlet engine: [Apache Tomcat/10.1.24]
2024-06-07 18:16:40 [main] INFO  o.a.c.c.C.[Tomcat].[localhost].[/] - Initializing Spring embedded WebApplicationContext
2024-06-07 18:16:40 [main] INFO  o.a.c.c.C.[Tomcat].[localhost].[/] - Initializing Spring embedded WebApplicationContext
2024-06-07 18:16:40 [main] INFO  o.s.b.w.s.c.ServletWebServerApplicationContext - Root WebApplicationContext: initialization completed in 2822 ms
2024-06-07 18:16:40 [main] INFO  o.s.b.w.s.c.ServletWebServerApplicationContext - Root WebApplicationContext: initialization completed in 2822 ms
2024-06-07 18:16:40 [main] INFO  o.h.jpa.internal.util.LogHelper - HHH000204: Processing PersistenceUnitInfo [name: default]
2024-06-07 18:16:40 [main] INFO  o.h.jpa.internal.util.LogHelper - HHH000204: Processing PersistenceUnitInfo [name: default]
2024-06-07 18:16:40 [main] INFO  org.hibernate.Version - HHH000412: Hibernate ORM core version 6.5.2.Final
2024-06-07 18:16:40 [main] INFO  org.hibernate.Version - HHH000412: Hibernate ORM core version 6.5.2.Final
2024-06-07 18:16:41 [main] INFO  o.h.c.i.RegionFactoryInitiator - HHH000026: Second-level cache disabled
2024-06-07 18:16:41 [main] INFO  o.h.c.i.RegionFactoryInitiator - HHH000026: Second-level cache disabled
2024-06-07 18:16:41 [main] INFO  o.s.o.j.p.SpringPersistenceUnitInfo - No LoadTimeWeaver setup: ignoring JPA class transformer
2024-06-07 18:16:41 [main] INFO  o.s.o.j.p.SpringPersistenceUnitInfo - No LoadTimeWeaver setup: ignoring JPA class transformer
2024-06-07 18:16:41 [main] INFO  com.zaxxer.hikari.HikariDataSource - HikariPool-1 - Starting...
2024-06-07 18:16:41 [main] INFO  com.zaxxer.hikari.HikariDataSource - HikariPool-1 - Starting...
2024-06-07 18:16:42 [main] INFO  com.zaxxer.hikari.pool.HikariPool - HikariPool-1 - Added connection com.mysql.cj.jdbc.ConnectionImpl@69c33ea2
2024-06-07 18:16:42 [main] INFO  com.zaxxer.hikari.pool.HikariPool - HikariPool-1 - Added connection com.mysql.cj.jdbc.ConnectionImpl@69c33ea2
2024-06-07 18:16:42 [main] INFO  com.zaxxer.hikari.HikariDataSource - HikariPool-1 - Start completed.
2024-06-07 18:16:42 [main] INFO  com.zaxxer.hikari.HikariDataSource - HikariPool-1 - Start completed.
2024-06-07 18:16:42 [main] INFO  o.h.e.t.j.p.i.JtaPlatformInitiator - HHH000489: No JTA platform available (set 'hibernate.transaction.jta.platform' to enable JTA platform integration)
2024-06-07 18:16:42 [main] INFO  o.h.e.t.j.p.i.JtaPlatformInitiator - HHH000489: No JTA platform available (set 'hibernate.transaction.jta.platform' to enable JTA platform integration)
2024-06-07 18:16:42 [main] INFO  o.s.o.j.LocalContainerEntityManagerFactoryBean - Initialized JPA EntityManagerFactory for persistence unit 'default'
2024-06-07 18:16:42 [main] INFO  o.s.o.j.LocalContainerEntityManagerFactoryBean - Initialized JPA EntityManagerFactory for persistence unit 'default'
2024-06-07 18:16:43 [main] WARN  c.b.m.core.injector.methods.Delete - [com.example.music.mapper.CompanyMapper.delete] Has been loaded by XML or SqlProvider or Mybatis's Annotation, so ignoring this injection for [class com.baomidou.mybatisplus.core.injector.methods.Delete]
2024-06-07 18:16:43 [main] WARN  c.b.m.core.injector.methods.Delete - [com.example.music.mapper.CompanyMapper.delete] Has been loaded by XML or SqlProvider or Mybatis's Annotation, so ignoring this injection for [class com.baomidou.mybatisplus.core.injector.methods.Delete]
2024-06-07 18:16:43 [main] WARN  c.b.m.core.metadata.TableInfoHelper - Can not find table primary key in Class: "com.example.music.entity.Bandmember".
2024-06-07 18:16:43 [main] WARN  c.b.m.core.metadata.TableInfoHelper - Can not find table primary key in Class: "com.example.music.entity.Bandmember".
2024-06-07 18:16:43 [main] WARN  c.b.m.c.injector.DefaultSqlInjector - class com.example.music.entity.Bandmember ,Not found @TableId annotation, Cannot use Mybatis-Plus 'xxById' Method.
2024-06-07 18:16:43 [main] WARN  c.b.m.c.injector.DefaultSqlInjector - class com.example.music.entity.Bandmember ,Not found @TableId annotation, Cannot use Mybatis-Plus 'xxById' Method.
2024-06-07 18:16:44 [main] WARN  c.b.m.core.metadata.TableInfoHelper - Can not find table primary key in Class: "com.example.music.entity.Singsong".
2024-06-07 18:16:44 [main] WARN  c.b.m.core.metadata.TableInfoHelper - Can not find table primary key in Class: "com.example.music.entity.Singsong".
2024-06-07 18:16:44 [main] WARN  c.b.m.c.injector.DefaultSqlInjector - class com.example.music.entity.Singsong ,Not found @TableId annotation, Cannot use Mybatis-Plus 'xxById' Method.
2024-06-07 18:16:44 [main] WARN  c.b.m.c.injector.DefaultSqlInjector - class com.example.music.entity.Singsong ,Not found @TableId annotation, Cannot use Mybatis-Plus 'xxById' Method.
2024-06-07 18:16:44 [main] WARN  o.s.b.a.o.j.JpaBaseConfiguration$JpaWebConfiguration - spring.jpa.open-in-view is enabled by default. Therefore, database queries may be performed during view rendering. Explicitly configure spring.jpa.open-in-view to disable this warning
2024-06-07 18:16:44 [main] WARN  o.s.b.a.o.j.JpaBaseConfiguration$JpaWebConfiguration - spring.jpa.open-in-view is enabled by default. Therefore, database queries may be performed during view rendering. Explicitly configure spring.jpa.open-in-view to disable this warning
2024-06-07 18:16:44 [main] INFO  o.a.coyote.http11.Http11NioProtocol - Starting ProtocolHandler ["http-nio-8080"]
2024-06-07 18:16:44 [main] INFO  o.a.coyote.http11.Http11NioProtocol - Starting ProtocolHandler ["http-nio-8080"]
2024-06-07 18:16:45 [main] INFO  o.s.b.w.e.tomcat.TomcatWebServer - Tomcat started on port 8080 (http) with context path '/'
2024-06-07 18:16:45 [main] INFO  o.s.b.w.e.tomcat.TomcatWebServer - Tomcat started on port 8080 (http) with context path '/'
2024-06-07 18:16:45 [main] INFO  com.example.music.MusicApplication - Started MusicApplication in 8.752 seconds (process running for 9.85)
2024-06-07 18:16:45 [main] INFO  com.example.music.MusicApplication - Started MusicApplication in 8.752 seconds (process running for 9.85)
2024-06-07 18:18:25 [http-nio-8080-exec-1] INFO  o.a.c.c.C.[Tomcat].[localhost].[/] - Initializing Spring DispatcherServlet 'dispatcherServlet'
2024-06-07 18:18:25 [http-nio-8080-exec-1] INFO  o.a.c.c.C.[Tomcat].[localhost].[/] - Initializing Spring DispatcherServlet 'dispatcherServlet'
2024-06-07 18:18:25 [http-nio-8080-exec-1] INFO  o.s.web.servlet.DispatcherServlet - Initializing Servlet 'dispatcherServlet'
2024-06-07 18:18:25 [http-nio-8080-exec-1] INFO  o.s.web.servlet.DispatcherServlet - Initializing Servlet 'dispatcherServlet'
2024-06-07 18:18:25 [http-nio-8080-exec-1] INFO  o.s.web.servlet.DispatcherServlet - Completed initialization in 1 ms
2024-06-07 18:18:25 [http-nio-8080-exec-1] INFO  o.s.web.servlet.DispatcherServlet - Completed initialization in 1 ms
2024-06-07 18:18:25 [http-nio-8080-exec-1] INFO  c.e.m.controller.CompanyController - company/index
2024-06-07 18:18:25 [http-nio-8080-exec-1] INFO  c.e.m.controller.CompanyController - company/index
2024-06-07 18:18:34 [http-nio-8080-exec-2] INFO  c.e.m.controller.CompanyController - company/add
2024-06-07 18:18:34 [http-nio-8080-exec-2] INFO  c.e.m.controller.CompanyController - company/add
2024-06-07 18:18:41 [http-nio-8080-exec-5] ERROR o.a.c.c.C.[.[.[.[dispatcherServlet] - Servlet.service() for servlet [dispatcherServlet] in context with path [] threw exception [Request processing failed: org.springframework.dao.DuplicateKeyException: 
### Error updating database.  Cause: java.sql.SQLIntegrityConstraintViolationException: Duplicate entry '1' for key 'company.PRIMARY'
### The error may exist in com/example/music/mapper/CompanyMapper.java (best guess)
### The error may involve com.example.music.mapper.CompanyMapper.insert-Inline
### The error occurred while setting parameters
### SQL: INSERT INTO company  ( id, name, region, established_time )  VALUES (  ?, ?, ?, ?  )
### Cause: java.sql.SQLIntegrityConstraintViolationException: Duplicate entry '1' for key 'company.PRIMARY'
; Duplicate entry '1' for key 'company.PRIMARY'] with root cause
java.sql.SQLIntegrityConstraintViolationException: Duplicate entry '1' for key 'company.PRIMARY'
	at com.mysql.cj.jdbc.exceptions.SQLError.createSQLException(SQLError.java:117)
	at com.mysql.cj.jdbc.exceptions.SQLExceptionsMapping.translateException(SQLExceptionsMapping.java:122)
	at com.mysql.cj.jdbc.ClientPreparedStatement.executeInternal(ClientPreparedStatement.java:953)
	at com.mysql.cj.jdbc.ClientPreparedStatement.execute(ClientPreparedStatement.java:371)
	at com.zaxxer.hikari.pool.ProxyPreparedStatement.execute(ProxyPreparedStatement.java:44)
	at com.zaxxer.hikari.pool.HikariProxyPreparedStatement.execute(HikariProxyPreparedStatement.java)
	at org.apache.ibatis.executor.statement.PreparedStatementHandler.update(PreparedStatementHandler.java:48)
	at org.apache.ibatis.executor.statement.RoutingStatementHandler.update(RoutingStatementHandler.java:75)
	at org.apache.ibatis.executor.SimpleExecutor.doUpdate(SimpleExecutor.java:50)
	at org.apache.ibatis.executor.BaseExecutor.update(BaseExecutor.java:117)
	at org.apache.ibatis.executor.CachingExecutor.update(CachingExecutor.java:76)
	at org.apache.ibatis.session.defaults.DefaultSqlSession.update(DefaultSqlSession.java:197)
	at org.apache.ibatis.session.defaults.DefaultSqlSession.insert(DefaultSqlSession.java:184)
	at java.base/jdk.internal.reflect.NativeMethodAccessorImpl.invoke0(Native Method)
	at java.base/jdk.internal.reflect.NativeMethodAccessorImpl.invoke(NativeMethodAccessorImpl.java:77)
	at java.base/jdk.internal.reflect.DelegatingMethodAccessorImpl.invoke(DelegatingMethodAccessorImpl.java:43)
	at java.base/java.lang.reflect.Method.invoke(Method.java:568)
	at org.mybatis.spring.SqlSessionTemplate$SqlSessionInterceptor.invoke(SqlSessionTemplate.java:425)
	at jdk.proxy2/jdk.proxy2.$Proxy93.insert(Unknown Source)
	at org.mybatis.spring.SqlSessionTemplate.insert(SqlSessionTemplate.java:272)
	at com.baomidou.mybatisplus.core.override.MybatisMapperMethod.execute(MybatisMapperMethod.java:59)
	at com.baomidou.mybatisplus.core.override.MybatisMapperProxy$PlainMethodInvoker.invoke(MybatisMapperProxy.java:152)
	at com.baomidou.mybatisplus.core.override.MybatisMapperProxy.invoke(MybatisMapperProxy.java:89)
	at jdk.proxy2/jdk.proxy2.$Proxy97.insert(Unknown Source)
	at com.baomidou.mybatisplus.extension.service.IService.save(IService.java:60)
	at java.base/jdk.internal.reflect.NativeMethodAccessorImpl.invoke0(Native Method)
	at java.base/jdk.internal.reflect.NativeMethodAccessorImpl.invoke(NativeMethodAccessorImpl.java:77)
	at java.base/jdk.internal.reflect.DelegatingMethodAccessorImpl.invoke(DelegatingMethodAccessorImpl.java:43)
	at java.base/java.lang.reflect.Method.invoke(Method.java:568)
	at org.springframework.aop.support.AopUtils.invokeJoinpointUsingReflection(AopUtils.java:354)
	at org.springframework.aop.framework.CglibAopProxy$DynamicAdvisedInterceptor.intercept(CglibAopProxy.java:716)
	at com.example.music.service.impl.CompanyServiceImpl$$SpringCGLIB$$0.save(<generated>)
	at com.example.music.controller.CompanyController.add(CompanyController.java:55)
	at java.base/jdk.internal.reflect.NativeMethodAccessorImpl.invoke0(Native Method)
	at java.base/jdk.internal.reflect.NativeMethodAccessorImpl.invoke(NativeMethodAccessorImpl.java:77)
	at java.base/jdk.internal.reflect.DelegatingMethodAccessorImpl.invoke(DelegatingMethodAccessorImpl.java:43)
	at java.base/java.lang.reflect.Method.invoke(Method.java:568)
	at org.springframework.web.method.support.InvocableHandlerMethod.doInvoke(InvocableHandlerMethod.java:255)
	at org.springframework.web.method.support.InvocableHandlerMethod.invokeForRequest(InvocableHandlerMethod.java:188)
	at org.springframework.web.servlet.mvc.method.annotation.ServletInvocableHandlerMethod.invokeAndHandle(ServletInvocableHandlerMethod.java:118)
	at org.springframework.web.servlet.mvc.method.annotation.RequestMappingHandlerAdapter.invokeHandlerMethod(RequestMappingHandlerAdapter.java:926)
	at org.springframework.web.servlet.mvc.method.annotation.RequestMappingHandlerAdapter.handleInternal(RequestMappingHandlerAdapter.java:831)
	at org.springframework.web.servlet.mvc.method.AbstractHandlerMethodAdapter.handle(AbstractHandlerMethodAdapter.java:87)
	at org.springframework.web.servlet.DispatcherServlet.doDispatch(DispatcherServlet.java:1089)
	at org.springframework.web.servlet.DispatcherServlet.doService(DispatcherServlet.java:979)
	at org.springframework.web.servlet.FrameworkServlet.processRequest(FrameworkServlet.java:1014)
	at org.springframework.web.servlet.FrameworkServlet.doPost(FrameworkServlet.java:914)
	at jakarta.servlet.http.HttpServlet.service(HttpServlet.java:590)
	at org.springframework.web.servlet.FrameworkServlet.service(FrameworkServlet.java:885)
	at jakarta.servlet.http.HttpServlet.service(HttpServlet.java:658)
	at org.apache.catalina.core.ApplicationFilterChain.internalDoFilter(ApplicationFilterChain.java:195)
	at org.apache.catalina.core.ApplicationFilterChain.doFilter(ApplicationFilterChain.java:140)
	at org.apache.tomcat.websocket.server.WsFilter.doFilter(WsFilter.java:51)
	at org.apache.catalina.core.ApplicationFilterChain.internalDoFilter(ApplicationFilterChain.java:164)
	at org.apache.catalina.core.ApplicationFilterChain.doFilter(ApplicationFilterChain.java:140)
	at org.springframework.web.filter.RequestContextFilter.doFilterInternal(RequestContextFilter.java:100)
	at org.springframework.web.filter.OncePerRequestFilter.doFilter(OncePerRequestFilter.java:116)
	at org.apache.catalina.core.ApplicationFilterChain.internalDoFilter(ApplicationFilterChain.java:164)
	at org.apache.catalina.core.ApplicationFilterChain.doFilter(ApplicationFilterChain.java:140)
	at org.springframework.web.filter.FormContentFilter.doFilterInternal(FormContentFilter.java:93)
	at org.springframework.web.filter.OncePerRequestFilter.doFilter(OncePerRequestFilter.java:116)
	at org.apache.catalina.core.ApplicationFilterChain.internalDoFilter(ApplicationFilterChain.java:164)
	at org.apache.catalina.core.ApplicationFilterChain.doFilter(ApplicationFilterChain.java:140)
	at org.springframework.web.filter.CharacterEncodingFilter.doFilterInternal(CharacterEncodingFilter.java:201)
	at org.springframework.web.filter.OncePerRequestFilter.doFilter(OncePerRequestFilter.java:116)
	at org.apache.catalina.core.ApplicationFilterChain.internalDoFilter(ApplicationFilterChain.java:164)
	at org.apache.catalina.core.ApplicationFilterChain.doFilter(ApplicationFilterChain.java:140)
	at org.apache.catalina.core.StandardWrapperValve.invoke(StandardWrapperValve.java:167)
	at org.apache.catalina.core.StandardContextValve.invoke(StandardContextValve.java:90)
	at org.apache.catalina.authenticator.AuthenticatorBase.invoke(AuthenticatorBase.java:482)
	at org.apache.catalina.core.StandardHostValve.invoke(StandardHostValve.java:115)
	at org.apache.catalina.valves.ErrorReportValve.invoke(ErrorReportValve.java:93)
	at org.apache.catalina.core.StandardEngineValve.invoke(StandardEngineValve.java:74)
	at org.apache.catalina.connector.CoyoteAdapter.service(CoyoteAdapter.java:344)
	at org.apache.coyote.http11.Http11Processor.service(Http11Processor.java:389)
	at org.apache.coyote.AbstractProcessorLight.process(AbstractProcessorLight.java:63)
	at org.apache.coyote.AbstractProtocol$ConnectionHandler.process(AbstractProtocol.java:896)
	at org.apache.tomcat.util.net.NioEndpoint$SocketProcessor.doRun(NioEndpoint.java:1741)
	at org.apache.tomcat.util.net.SocketProcessorBase.run(SocketProcessorBase.java:52)
	at org.apache.tomcat.util.threads.ThreadPoolExecutor.runWorker(ThreadPoolExecutor.java:1190)
	at org.apache.tomcat.util.threads.ThreadPoolExecutor$Worker.run(ThreadPoolExecutor.java:659)
	at org.apache.tomcat.util.threads.TaskThread$WrappingRunnable.run(TaskThread.java:63)
	at java.base/java.lang.Thread.run(Thread.java:833)
2024-06-07 18:18:41 [http-nio-8080-exec-5] ERROR o.a.c.c.C.[.[.[.[dispatcherServlet] - Servlet.service() for servlet [dispatcherServlet] in context with path [] threw exception [Request processing failed: org.springframework.dao.DuplicateKeyException: 
### Error updating database.  Cause: java.sql.SQLIntegrityConstraintViolationException: Duplicate entry '1' for key 'company.PRIMARY'
### The error may exist in com/example/music/mapper/CompanyMapper.java (best guess)
### The error may involve com.example.music.mapper.CompanyMapper.insert-Inline
### The error occurred while setting parameters
### SQL: INSERT INTO company  ( id, name, region, established_time )  VALUES (  ?, ?, ?, ?  )
### Cause: java.sql.SQLIntegrityConstraintViolationException: Duplicate entry '1' for key 'company.PRIMARY'
; Duplicate entry '1' for key 'company.PRIMARY'] with root cause
java.sql.SQLIntegrityConstraintViolationException: Duplicate entry '1' for key 'company.PRIMARY'
	at com.mysql.cj.jdbc.exceptions.SQLError.createSQLException(SQLError.java:117)
	at com.mysql.cj.jdbc.exceptions.SQLExceptionsMapping.translateException(SQLExceptionsMapping.java:122)
	at com.mysql.cj.jdbc.ClientPreparedStatement.executeInternal(ClientPreparedStatement.java:953)
	at com.mysql.cj.jdbc.ClientPreparedStatement.execute(ClientPreparedStatement.java:371)
	at com.zaxxer.hikari.pool.ProxyPreparedStatement.execute(ProxyPreparedStatement.java:44)
	at com.zaxxer.hikari.pool.HikariProxyPreparedStatement.execute(HikariProxyPreparedStatement.java)
	at org.apache.ibatis.executor.statement.PreparedStatementHandler.update(PreparedStatementHandler.java:48)
	at org.apache.ibatis.executor.statement.RoutingStatementHandler.update(RoutingStatementHandler.java:75)
	at org.apache.ibatis.executor.SimpleExecutor.doUpdate(SimpleExecutor.java:50)
	at org.apache.ibatis.executor.BaseExecutor.update(BaseExecutor.java:117)
	at org.apache.ibatis.executor.CachingExecutor.update(CachingExecutor.java:76)
	at org.apache.ibatis.session.defaults.DefaultSqlSession.update(DefaultSqlSession.java:197)
	at org.apache.ibatis.session.defaults.DefaultSqlSession.insert(DefaultSqlSession.java:184)
	at java.base/jdk.internal.reflect.NativeMethodAccessorImpl.invoke0(Native Method)
	at java.base/jdk.internal.reflect.NativeMethodAccessorImpl.invoke(NativeMethodAccessorImpl.java:77)
	at java.base/jdk.internal.reflect.DelegatingMethodAccessorImpl.invoke(DelegatingMethodAccessorImpl.java:43)
	at java.base/java.lang.reflect.Method.invoke(Method.java:568)
	at org.mybatis.spring.SqlSessionTemplate$SqlSessionInterceptor.invoke(SqlSessionTemplate.java:425)
	at jdk.proxy2/jdk.proxy2.$Proxy93.insert(Unknown Source)
	at org.mybatis.spring.SqlSessionTemplate.insert(SqlSessionTemplate.java:272)
	at com.baomidou.mybatisplus.core.override.MybatisMapperMethod.execute(MybatisMapperMethod.java:59)
	at com.baomidou.mybatisplus.core.override.MybatisMapperProxy$PlainMethodInvoker.invoke(MybatisMapperProxy.java:152)
	at com.baomidou.mybatisplus.core.override.MybatisMapperProxy.invoke(MybatisMapperProxy.java:89)
	at jdk.proxy2/jdk.proxy2.$Proxy97.insert(Unknown Source)
	at com.baomidou.mybatisplus.extension.service.IService.save(IService.java:60)
	at java.base/jdk.internal.reflect.NativeMethodAccessorImpl.invoke0(Native Method)
	at java.base/jdk.internal.reflect.NativeMethodAccessorImpl.invoke(NativeMethodAccessorImpl.java:77)
	at java.base/jdk.internal.reflect.DelegatingMethodAccessorImpl.invoke(DelegatingMethodAccessorImpl.java:43)
	at java.base/java.lang.reflect.Method.invoke(Method.java:568)
	at org.springframework.aop.support.AopUtils.invokeJoinpointUsingReflection(AopUtils.java:354)
	at org.springframework.aop.framework.CglibAopProxy$DynamicAdvisedInterceptor.intercept(CglibAopProxy.java:716)
	at com.example.music.service.impl.CompanyServiceImpl$$SpringCGLIB$$0.save(<generated>)
	at com.example.music.controller.CompanyController.add(CompanyController.java:55)
	at java.base/jdk.internal.reflect.NativeMethodAccessorImpl.invoke0(Native Method)
	at java.base/jdk.internal.reflect.NativeMethodAccessorImpl.invoke(NativeMethodAccessorImpl.java:77)
	at java.base/jdk.internal.reflect.DelegatingMethodAccessorImpl.invoke(DelegatingMethodAccessorImpl.java:43)
	at java.base/java.lang.reflect.Method.invoke(Method.java:568)
	at org.springframework.web.method.support.InvocableHandlerMethod.doInvoke(InvocableHandlerMethod.java:255)
	at org.springframework.web.method.support.InvocableHandlerMethod.invokeForRequest(InvocableHandlerMethod.java:188)
	at org.springframework.web.servlet.mvc.method.annotation.ServletInvocableHandlerMethod.invokeAndHandle(ServletInvocableHandlerMethod.java:118)
	at org.springframework.web.servlet.mvc.method.annotation.RequestMappingHandlerAdapter.invokeHandlerMethod(RequestMappingHandlerAdapter.java:926)
	at org.springframework.web.servlet.mvc.method.annotation.RequestMappingHandlerAdapter.handleInternal(RequestMappingHandlerAdapter.java:831)
	at org.springframework.web.servlet.mvc.method.AbstractHandlerMethodAdapter.handle(AbstractHandlerMethodAdapter.java:87)
	at org.springframework.web.servlet.DispatcherServlet.doDispatch(DispatcherServlet.java:1089)
	at org.springframework.web.servlet.DispatcherServlet.doService(DispatcherServlet.java:979)
	at org.springframework.web.servlet.FrameworkServlet.processRequest(FrameworkServlet.java:1014)
	at org.springframework.web.servlet.FrameworkServlet.doPost(FrameworkServlet.java:914)
	at jakarta.servlet.http.HttpServlet.service(HttpServlet.java:590)
	at org.springframework.web.servlet.FrameworkServlet.service(FrameworkServlet.java:885)
	at jakarta.servlet.http.HttpServlet.service(HttpServlet.java:658)
	at org.apache.catalina.core.ApplicationFilterChain.internalDoFilter(ApplicationFilterChain.java:195)
	at org.apache.catalina.core.ApplicationFilterChain.doFilter(ApplicationFilterChain.java:140)
	at org.apache.tomcat.websocket.server.WsFilter.doFilter(WsFilter.java:51)
	at org.apache.catalina.core.ApplicationFilterChain.internalDoFilter(ApplicationFilterChain.java:164)
	at org.apache.catalina.core.ApplicationFilterChain.doFilter(ApplicationFilterChain.java:140)
	at org.springframework.web.filter.RequestContextFilter.doFilterInternal(RequestContextFilter.java:100)
	at org.springframework.web.filter.OncePerRequestFilter.doFilter(OncePerRequestFilter.java:116)
	at org.apache.catalina.core.ApplicationFilterChain.internalDoFilter(ApplicationFilterChain.java:164)
	at org.apache.catalina.core.ApplicationFilterChain.doFilter(ApplicationFilterChain.java:140)
	at org.springframework.web.filter.FormContentFilter.doFilterInternal(FormContentFilter.java:93)
	at org.springframework.web.filter.OncePerRequestFilter.doFilter(OncePerRequestFilter.java:116)
	at org.apache.catalina.core.ApplicationFilterChain.internalDoFilter(ApplicationFilterChain.java:164)
	at org.apache.catalina.core.ApplicationFilterChain.doFilter(ApplicationFilterChain.java:140)
	at org.springframework.web.filter.CharacterEncodingFilter.doFilterInternal(CharacterEncodingFilter.java:201)
	at org.springframework.web.filter.OncePerRequestFilter.doFilter(OncePerRequestFilter.java:116)
	at org.apache.catalina.core.ApplicationFilterChain.internalDoFilter(ApplicationFilterChain.java:164)
	at org.apache.catalina.core.ApplicationFilterChain.doFilter(ApplicationFilterChain.java:140)
	at org.apache.catalina.core.StandardWrapperValve.invoke(StandardWrapperValve.java:167)
	at org.apache.catalina.core.StandardContextValve.invoke(StandardContextValve.java:90)
	at org.apache.catalina.authenticator.AuthenticatorBase.invoke(AuthenticatorBase.java:482)
	at org.apache.catalina.core.StandardHostValve.invoke(StandardHostValve.java:115)
	at org.apache.catalina.valves.ErrorReportValve.invoke(ErrorReportValve.java:93)
	at org.apache.catalina.core.StandardEngineValve.invoke(StandardEngineValve.java:74)
	at org.apache.catalina.connector.CoyoteAdapter.service(CoyoteAdapter.java:344)
	at org.apache.coyote.http11.Http11Processor.service(Http11Processor.java:389)
	at org.apache.coyote.AbstractProcessorLight.process(AbstractProcessorLight.java:63)
	at org.apache.coyote.AbstractProtocol$ConnectionHandler.process(AbstractProtocol.java:896)
	at org.apache.tomcat.util.net.NioEndpoint$SocketProcessor.doRun(NioEndpoint.java:1741)
	at org.apache.tomcat.util.net.SocketProcessorBase.run(SocketProcessorBase.java:52)
	at org.apache.tomcat.util.threads.ThreadPoolExecutor.runWorker(ThreadPoolExecutor.java:1190)
	at org.apache.tomcat.util.threads.ThreadPoolExecutor$Worker.run(ThreadPoolExecutor.java:659)
	at org.apache.tomcat.util.threads.TaskThread$WrappingRunnable.run(TaskThread.java:63)
	at java.base/java.lang.Thread.run(Thread.java:833)
2024-06-07 18:18:55 [http-nio-8080-exec-6] INFO  c.e.m.controller.CompanyController - company/add Company{id=2, name=2, region=2, establishedTime=0002-02-02}
2024-06-07 18:18:55 [http-nio-8080-exec-6] INFO  c.e.m.controller.CompanyController - company/add Company{id=2, name=2, region=2, establishedTime=0002-02-02}
2024-06-07 18:18:55 [http-nio-8080-exec-3] INFO  c.e.m.controller.CompanyController - company/index
2024-06-07 18:18:55 [http-nio-8080-exec-3] INFO  c.e.m.controller.CompanyController - company/index
2024-06-07 18:19:04 [http-nio-8080-exec-4] INFO  c.e.m.controller.CompanyController - company/delete 2
2024-06-07 18:19:04 [http-nio-8080-exec-4] INFO  c.e.m.controller.CompanyController - company/delete 2
2024-06-07 18:19:04 [http-nio-8080-exec-10] INFO  c.e.m.controller.CompanyController - company/index
2024-06-07 18:19:04 [http-nio-8080-exec-10] INFO  c.e.m.controller.CompanyController - company/index
2024-06-07 18:19:07 [http-nio-8080-exec-7] INFO  c.e.m.controller.CompanyController - company/edit 1
2024-06-07 18:19:07 [http-nio-8080-exec-7] INFO  c.e.m.controller.CompanyController - company/edit 1
2024-06-07 18:19:12 [http-nio-8080-exec-9] INFO  c.e.m.controller.CompanyController - company/edit 1
2024-06-07 18:19:12 [http-nio-8080-exec-9] INFO  c.e.m.controller.CompanyController - company/edit 1
2024-06-07 18:19:12 [http-nio-8080-exec-8] INFO  c.e.m.controller.CompanyController - company/index
2024-06-07 18:19:12 [http-nio-8080-exec-8] INFO  c.e.m.controller.CompanyController - company/index
2024-06-07 18:19:50 [http-nio-8080-exec-2] INFO  c.e.m.controller.CompanyController - company/search 1
2024-06-07 18:19:50 [http-nio-8080-exec-2] INFO  c.e.m.controller.CompanyController - company/search 1
2024-06-07 18:19:55 [http-nio-8080-exec-5] INFO  c.e.m.controller.CompanyController - company/index
2024-06-07 18:19:55 [http-nio-8080-exec-5] INFO  c.e.m.controller.CompanyController - company/index
2024-06-07 18:20:07 [SpringApplicationShutdownHook] INFO  o.s.o.j.LocalContainerEntityManagerFactoryBean - Closing JPA EntityManagerFactory for persistence unit 'default'
2024-06-07 18:20:07 [SpringApplicationShutdownHook] INFO  o.s.o.j.LocalContainerEntityManagerFactoryBean - Closing JPA EntityManagerFactory for persistence unit 'default'
2024-06-07 18:20:07 [SpringApplicationShutdownHook] INFO  com.zaxxer.hikari.HikariDataSource - HikariPool-1 - Shutdown initiated...
2024-06-07 18:20:07 [SpringApplicationShutdownHook] INFO  com.zaxxer.hikari.HikariDataSource - HikariPool-1 - Shutdown initiated...
2024-06-07 18:20:07 [SpringApplicationShutdownHook] INFO  com.zaxxer.hikari.HikariDataSource - HikariPool-1 - Shutdown completed.
2024-06-07 18:20:07 [SpringApplicationShutdownHook] INFO  com.zaxxer.hikari.HikariDataSource - HikariPool-1 - Shutdown completed.
2024-06-07 18:20:12 [main] INFO  com.example.music.MusicApplication - Starting MusicApplication using Java 17.0.6 with PID 34532 (D:\college\2nd_down\数据库\music\out\production\classes started by HUOYOUXINGLAOPO in D:\college\2nd_down\数据库\music)
2024-06-07 18:20:12 [main] INFO  com.example.music.MusicApplication - Starting MusicApplication using Java 17.0.6 with PID 34532 (D:\college\2nd_down\数据库\music\out\production\classes started by HUOYOUXINGLAOPO in D:\college\2nd_down\数据库\music)
2024-06-07 18:20:12 [main] INFO  com.example.music.MusicApplication - No active profile set, falling back to 1 default profile: "default"
2024-06-07 18:20:12 [main] INFO  com.example.music.MusicApplication - No active profile set, falling back to 1 default profile: "default"
2024-06-07 18:20:14 [main] INFO  o.s.d.r.c.RepositoryConfigurationDelegate - Bootstrapping Spring Data JPA repositories in DEFAULT mode.
2024-06-07 18:20:14 [main] INFO  o.s.d.r.c.RepositoryConfigurationDelegate - Bootstrapping Spring Data JPA repositories in DEFAULT mode.
2024-06-07 18:20:14 [main] INFO  o.s.d.r.c.RepositoryConfigurationDelegate - Finished Spring Data repository scanning in 60 ms. Found 0 JPA repository interfaces.
2024-06-07 18:20:14 [main] INFO  o.s.d.r.c.RepositoryConfigurationDelegate - Finished Spring Data repository scanning in 60 ms. Found 0 JPA repository interfaces.
2024-06-07 18:20:16 [main] INFO  o.s.b.w.e.tomcat.TomcatWebServer - Tomcat initialized with port 8080 (http)
2024-06-07 18:20:16 [main] INFO  o.s.b.w.e.tomcat.TomcatWebServer - Tomcat initialized with port 8080 (http)
2024-06-07 18:20:16 [main] INFO  o.a.coyote.http11.Http11NioProtocol - Initializing ProtocolHandler ["http-nio-8080"]
2024-06-07 18:20:16 [main] INFO  o.a.coyote.http11.Http11NioProtocol - Initializing ProtocolHandler ["http-nio-8080"]
2024-06-07 18:20:16 [main] INFO  o.a.catalina.core.StandardService - Starting service [Tomcat]
2024-06-07 18:20:16 [main] INFO  o.a.catalina.core.StandardService - Starting service [Tomcat]
2024-06-07 18:20:16 [main] INFO  o.a.catalina.core.StandardEngine - Starting Servlet engine: [Apache Tomcat/10.1.24]
2024-06-07 18:20:16 [main] INFO  o.a.catalina.core.StandardEngine - Starting Servlet engine: [Apache Tomcat/10.1.24]
2024-06-07 18:20:16 [main] INFO  o.a.c.c.C.[Tomcat].[localhost].[/] - Initializing Spring embedded WebApplicationContext
2024-06-07 18:20:16 [main] INFO  o.a.c.c.C.[Tomcat].[localhost].[/] - Initializing Spring embedded WebApplicationContext
2024-06-07 18:20:16 [main] INFO  o.s.b.w.s.c.ServletWebServerApplicationContext - Root WebApplicationContext: initialization completed in 3440 ms
2024-06-07 18:20:16 [main] INFO  o.s.b.w.s.c.ServletWebServerApplicationContext - Root WebApplicationContext: initialization completed in 3440 ms
2024-06-07 18:20:16 [main] INFO  o.h.jpa.internal.util.LogHelper - HHH000204: Processing PersistenceUnitInfo [name: default]
2024-06-07 18:20:16 [main] INFO  o.h.jpa.internal.util.LogHelper - HHH000204: Processing PersistenceUnitInfo [name: default]
2024-06-07 18:20:17 [main] INFO  org.hibernate.Version - HHH000412: Hibernate ORM core version 6.5.2.Final
2024-06-07 18:20:17 [main] INFO  org.hibernate.Version - HHH000412: Hibernate ORM core version 6.5.2.Final
2024-06-07 18:20:17 [main] INFO  o.h.c.i.RegionFactoryInitiator - HHH000026: Second-level cache disabled
2024-06-07 18:20:17 [main] INFO  o.h.c.i.RegionFactoryInitiator - HHH000026: Second-level cache disabled
2024-06-07 18:20:17 [main] INFO  o.s.o.j.p.SpringPersistenceUnitInfo - No LoadTimeWeaver setup: ignoring JPA class transformer
2024-06-07 18:20:17 [main] INFO  o.s.o.j.p.SpringPersistenceUnitInfo - No LoadTimeWeaver setup: ignoring JPA class transformer
2024-06-07 18:20:17 [main] INFO  com.zaxxer.hikari.HikariDataSource - HikariPool-1 - Starting...
2024-06-07 18:20:17 [main] INFO  com.zaxxer.hikari.HikariDataSource - HikariPool-1 - Starting...
2024-06-07 18:20:18 [main] INFO  com.zaxxer.hikari.pool.HikariPool - HikariPool-1 - Added connection com.mysql.cj.jdbc.ConnectionImpl@5503c7d
2024-06-07 18:20:18 [main] INFO  com.zaxxer.hikari.pool.HikariPool - HikariPool-1 - Added connection com.mysql.cj.jdbc.ConnectionImpl@5503c7d
2024-06-07 18:20:18 [main] INFO  com.zaxxer.hikari.HikariDataSource - HikariPool-1 - Start completed.
2024-06-07 18:20:18 [main] INFO  com.zaxxer.hikari.HikariDataSource - HikariPool-1 - Start completed.
2024-06-07 18:20:18 [main] INFO  o.h.e.t.j.p.i.JtaPlatformInitiator - HHH000489: No JTA platform available (set 'hibernate.transaction.jta.platform' to enable JTA platform integration)
2024-06-07 18:20:18 [main] INFO  o.h.e.t.j.p.i.JtaPlatformInitiator - HHH000489: No JTA platform available (set 'hibernate.transaction.jta.platform' to enable JTA platform integration)
2024-06-07 18:20:18 [main] INFO  o.s.o.j.LocalContainerEntityManagerFactoryBean - Initialized JPA EntityManagerFactory for persistence unit 'default'
2024-06-07 18:20:18 [main] INFO  o.s.o.j.LocalContainerEntityManagerFactoryBean - Initialized JPA EntityManagerFactory for persistence unit 'default'
2024-06-07 18:20:19 [main] WARN  c.b.m.core.injector.methods.Delete - [com.example.music.mapper.CompanyMapper.delete] Has been loaded by XML or SqlProvider or Mybatis's Annotation, so ignoring this injection for [class com.baomidou.mybatisplus.core.injector.methods.Delete]
2024-06-07 18:20:19 [main] WARN  c.b.m.core.injector.methods.Delete - [com.example.music.mapper.CompanyMapper.delete] Has been loaded by XML or SqlProvider or Mybatis's Annotation, so ignoring this injection for [class com.baomidou.mybatisplus.core.injector.methods.Delete]
2024-06-07 18:20:19 [main] WARN  c.b.m.core.metadata.TableInfoHelper - Can not find table primary key in Class: "com.example.music.entity.Bandmember".
2024-06-07 18:20:19 [main] WARN  c.b.m.core.metadata.TableInfoHelper - Can not find table primary key in Class: "com.example.music.entity.Bandmember".
2024-06-07 18:20:19 [main] WARN  c.b.m.c.injector.DefaultSqlInjector - class com.example.music.entity.Bandmember ,Not found @TableId annotation, Cannot use Mybatis-Plus 'xxById' Method.
2024-06-07 18:20:19 [main] WARN  c.b.m.c.injector.DefaultSqlInjector - class com.example.music.entity.Bandmember ,Not found @TableId annotation, Cannot use Mybatis-Plus 'xxById' Method.
2024-06-07 18:20:20 [main] WARN  c.b.m.core.metadata.TableInfoHelper - Can not find table primary key in Class: "com.example.music.entity.Singsong".
2024-06-07 18:20:20 [main] WARN  c.b.m.core.metadata.TableInfoHelper - Can not find table primary key in Class: "com.example.music.entity.Singsong".
2024-06-07 18:20:20 [main] WARN  c.b.m.c.injector.DefaultSqlInjector - class com.example.music.entity.Singsong ,Not found @TableId annotation, Cannot use Mybatis-Plus 'xxById' Method.
2024-06-07 18:20:20 [main] WARN  c.b.m.c.injector.DefaultSqlInjector - class com.example.music.entity.Singsong ,Not found @TableId annotation, Cannot use Mybatis-Plus 'xxById' Method.
2024-06-07 18:20:20 [main] WARN  o.s.b.a.o.j.JpaBaseConfiguration$JpaWebConfiguration - spring.jpa.open-in-view is enabled by default. Therefore, database queries may be performed during view rendering. Explicitly configure spring.jpa.open-in-view to disable this warning
2024-06-07 18:20:20 [main] WARN  o.s.b.a.o.j.JpaBaseConfiguration$JpaWebConfiguration - spring.jpa.open-in-view is enabled by default. Therefore, database queries may be performed during view rendering. Explicitly configure spring.jpa.open-in-view to disable this warning
2024-06-07 18:20:21 [main] INFO  o.a.coyote.http11.Http11NioProtocol - Starting ProtocolHandler ["http-nio-8080"]
2024-06-07 18:20:21 [main] INFO  o.a.coyote.http11.Http11NioProtocol - Starting ProtocolHandler ["http-nio-8080"]
2024-06-07 18:20:21 [main] INFO  o.s.b.w.e.tomcat.TomcatWebServer - Tomcat started on port 8080 (http) with context path '/'
2024-06-07 18:20:21 [main] INFO  o.s.b.w.e.tomcat.TomcatWebServer - Tomcat started on port 8080 (http) with context path '/'
2024-06-07 18:20:21 [main] INFO  com.example.music.MusicApplication - Started MusicApplication in 9.612 seconds (process running for 10.624)
2024-06-07 18:20:21 [main] INFO  com.example.music.MusicApplication - Started MusicApplication in 9.612 seconds (process running for 10.624)
2024-06-07 18:20:36 [http-nio-8080-exec-1] INFO  o.a.c.c.C.[Tomcat].[localhost].[/] - Initializing Spring DispatcherServlet 'dispatcherServlet'
2024-06-07 18:20:36 [http-nio-8080-exec-1] INFO  o.a.c.c.C.[Tomcat].[localhost].[/] - Initializing Spring DispatcherServlet 'dispatcherServlet'
2024-06-07 18:20:36 [http-nio-8080-exec-1] INFO  o.s.web.servlet.DispatcherServlet - Initializing Servlet 'dispatcherServlet'
2024-06-07 18:20:36 [http-nio-8080-exec-1] INFO  o.s.web.servlet.DispatcherServlet - Initializing Servlet 'dispatcherServlet'
2024-06-07 18:20:36 [http-nio-8080-exec-1] INFO  o.s.web.servlet.DispatcherServlet - Completed initialization in 2 ms
2024-06-07 18:20:36 [http-nio-8080-exec-1] INFO  o.s.web.servlet.DispatcherServlet - Completed initialization in 2 ms
2024-06-07 18:20:36 [http-nio-8080-exec-1] INFO  c.e.m.controller.CompanyController - company/index
2024-06-07 18:20:36 [http-nio-8080-exec-1] INFO  c.e.m.controller.CompanyController - company/index
2024-06-07 18:21:39 [http-nio-8080-exec-5] INFO  c.e.m.controller.CompanyController - company/add
2024-06-07 18:21:39 [http-nio-8080-exec-5] INFO  c.e.m.controller.CompanyController - company/add
2024-06-07 18:21:46 [http-nio-8080-exec-3] INFO  c.e.m.controller.CompanyController - company/add Company{id=2, name=2, region=2, establishedTime=0002-02-02}
2024-06-07 18:21:46 [http-nio-8080-exec-3] INFO  c.e.m.controller.CompanyController - company/add Company{id=2, name=2, region=2, establishedTime=0002-02-02}
2024-06-07 18:21:46 [http-nio-8080-exec-6] INFO  c.e.m.controller.CompanyController - company/index
2024-06-07 18:21:46 [http-nio-8080-exec-6] INFO  c.e.m.controller.CompanyController - company/index
2024-06-07 18:22:01 [http-nio-8080-exec-7] INFO  c.e.m.controller.CompanyController - company/edit 1
2024-06-07 18:22:01 [http-nio-8080-exec-7] INFO  c.e.m.controller.CompanyController - company/edit 1
2024-06-07 18:22:06 [http-nio-8080-exec-8] INFO  c.e.m.controller.CompanyController - company/edit 1Company{id=1, name=1, region=1, establishedTime=0001-01-01}
2024-06-07 18:22:06 [http-nio-8080-exec-8] INFO  c.e.m.controller.CompanyController - company/edit 1Company{id=1, name=1, region=1, establishedTime=0001-01-01}
2024-06-07 18:22:06 [http-nio-8080-exec-9] INFO  c.e.m.controller.CompanyController - company/index
2024-06-07 18:22:06 [http-nio-8080-exec-9] INFO  c.e.m.controller.CompanyController - company/index
2024-06-07 18:22:40 [http-nio-8080-exec-1] INFO  c.e.m.controller.CompanyController - company/delete 2
2024-06-07 18:22:40 [http-nio-8080-exec-1] INFO  c.e.m.controller.CompanyController - company/delete 2
2024-06-07 18:22:40 [http-nio-8080-exec-2] INFO  c.e.m.controller.CompanyController - company/index
2024-06-07 18:22:40 [http-nio-8080-exec-2] INFO  c.e.m.controller.CompanyController - company/index
2024-06-07 18:22:46 [http-nio-8080-exec-4] INFO  c.e.m.controller.CompanyController - company/search 1
2024-06-07 18:22:46 [http-nio-8080-exec-4] INFO  c.e.m.controller.CompanyController - company/search 1
2024-06-07 18:22:48 [http-nio-8080-exec-5] INFO  c.e.m.controller.CompanyController - company/index
2024-06-07 18:22:48 [http-nio-8080-exec-5] INFO  c.e.m.controller.CompanyController - company/index
2024-06-07 18:23:01 [SpringApplicationShutdownHook] INFO  o.s.o.j.LocalContainerEntityManagerFactoryBean - Closing JPA EntityManagerFactory for persistence unit 'default'
2024-06-07 18:23:01 [SpringApplicationShutdownHook] INFO  o.s.o.j.LocalContainerEntityManagerFactoryBean - Closing JPA EntityManagerFactory for persistence unit 'default'
2024-06-07 18:23:01 [SpringApplicationShutdownHook] INFO  com.zaxxer.hikari.HikariDataSource - HikariPool-1 - Shutdown initiated...
2024-06-07 18:23:01 [SpringApplicationShutdownHook] INFO  com.zaxxer.hikari.HikariDataSource - HikariPool-1 - Shutdown initiated...
2024-06-07 18:23:01 [SpringApplicationShutdownHook] INFO  com.zaxxer.hikari.HikariDataSource - HikariPool-1 - Shutdown completed.
2024-06-07 18:23:01 [SpringApplicationShutdownHook] INFO  com.zaxxer.hikari.HikariDataSource - HikariPool-1 - Shutdown completed.
